This is pdfTeX, Version 3.141592653-2.6-1.40.22 (TeX Live 2021/Arch Linux) (preloaded format=pdflatex 2021.9.24)  7 NOV 2021 18:50
entering extended mode
 \write18 enabled.
 %&-line parsing enabled.
**kommentar.tex
(./kommentar.tex
LaTeX2e <2020-10-01> patch level 4
L3 programming layer <2021-02-18>
(/usr/share/texmf-dist/tex/latex/base/article.cls
Document Class: article 2020/04/10 v1.4m Standard LaTeX document class
(/usr/share/texmf-dist/tex/latex/base/size11.clo
File: size11.clo 2020/04/10 v1.4m Standard LaTeX file (size option)
)
\c@part=\count179
\c@section=\count180
\c@subsection=\count181
\c@subsubsection=\count182
\c@paragraph=\count183
\c@subparagraph=\count184
\c@figure=\count185
\c@table=\count186
\abovecaptionskip=\skip47
\belowcaptionskip=\skip48
\bibindent=\dimen138
)
(/usr/share/texmf-dist/tex/latex/base/inputenc.sty
Package: inputenc 2020/08/01 v1.3d Input encoding file
\inpenc@prehook=\toks15
\inpenc@posthook=\toks16
)
(/usr/share/texmf-dist/tex/latex/base/fontenc.sty
Package: fontenc 2020/08/10 v2.0s Standard LaTeX package
)
(/usr/share/texmf-dist/tex/latex/graphics/graphicx.sty
Package: graphicx 2020/09/09 v1.2b Enhanced LaTeX Graphics (DPC,SPQR)

(/usr/share/texmf-dist/tex/latex/graphics/keyval.sty
Package: keyval 2014/10/28 v1.15 key=value parser (DPC)
\KV@toks@=\toks17
)
(/usr/share/texmf-dist/tex/latex/graphics/graphics.sty
Package: graphics 2020/08/30 v1.4c Standard LaTeX Graphics (DPC,SPQR)

(/usr/share/texmf-dist/tex/latex/graphics/trig.sty
Package: trig 2016/01/03 v1.10 sin cos tan (DPC)
)
(/usr/share/texmf-dist/tex/latex/graphics-cfg/graphics.cfg
File: graphics.cfg 2016/06/04 v1.11 sample graphics configuration
)
Package graphics Info: Driver file: pdftex.def on input line 105.

(/usr/share/texmf-dist/tex/latex/graphics-def/pdftex.def
File: pdftex.def 2020/10/05 v1.2a Graphics/color driver for pdftex
))
\Gin@req@height=\dimen139
\Gin@req@width=\dimen140
)
(/usr/share/texmf-dist/tex/latex/grffile/grffile.sty
Package: grffile 2019/11/11 v2.1 Extended file name support for graphics (legac
y)
Package grffile Info: This package is an empty stub for compatibility on input 
line 40.
)
(/usr/share/texmf-dist/tex/latex/tools/longtable.sty
Package: longtable 2020/01/07 v4.13 Multi-page Table package (DPC)
\LTleft=\skip49
\LTright=\skip50
\LTpre=\skip51
\LTpost=\skip52
\LTchunksize=\count187
\LTcapwidth=\dimen141
\LT@head=\box47
\LT@firsthead=\box48
\LT@foot=\box49
\LT@lastfoot=\box50
\LT@cols=\count188
\LT@rows=\count189
\c@LT@tables=\count190
\c@LT@chunks=\count191
\LT@p@ftn=\toks18
)
(/usr/share/texmf-dist/tex/latex/wrapfig/wrapfig.sty
\wrapoverhang=\dimen142
\WF@size=\dimen143
\c@WF@wrappedlines=\count192
\WF@box=\box51
\WF@everypar=\toks19
Package: wrapfig 2003/01/31  v 3.6
)
(/usr/share/texmf-dist/tex/latex/graphics/rotating.sty
Package: rotating 2016/08/11 v2.16d rotated objects in LaTeX

(/usr/share/texmf-dist/tex/latex/base/ifthen.sty
Package: ifthen 2014/09/29 v1.1c Standard LaTeX ifthen package (DPC)
)
\c@r@tfl@t=\count193
\rotFPtop=\skip53
\rotFPbot=\skip54
\rot@float@box=\box52
\rot@mess@toks=\toks20
)
(/usr/share/texmf-dist/tex/generic/ulem/ulem.sty
\UL@box=\box53
\UL@hyphenbox=\box54
\UL@skip=\skip55
\UL@hook=\toks21
\UL@height=\dimen144
\UL@pe=\count194
\UL@pixel=\dimen145
\ULC@box=\box55
Package: ulem 2019/11/18
\ULdepth=\dimen146
)
(/usr/share/texmf-dist/tex/latex/amsmath/amsmath.sty
Package: amsmath 2020/09/23 v2.17i AMS math features
\@mathmargin=\skip56

For additional information on amsmath, use the `?' option.
(/usr/share/texmf-dist/tex/latex/amsmath/amstext.sty
Package: amstext 2000/06/29 v2.01 AMS text

(/usr/share/texmf-dist/tex/latex/amsmath/amsgen.sty
File: amsgen.sty 1999/11/30 v2.0 generic functions
\@emptytoks=\toks22
\ex@=\dimen147
))
(/usr/share/texmf-dist/tex/latex/amsmath/amsbsy.sty
Package: amsbsy 1999/11/29 v1.2d Bold Symbols
\pmbraise@=\dimen148
)
(/usr/share/texmf-dist/tex/latex/amsmath/amsopn.sty
Package: amsopn 2016/03/08 v2.02 operator names
)
\inf@bad=\count195
LaTeX Info: Redefining \frac on input line 234.
\uproot@=\count196
\leftroot@=\count197
LaTeX Info: Redefining \overline on input line 399.
\classnum@=\count198
\DOTSCASE@=\count199
LaTeX Info: Redefining \ldots on input line 496.
LaTeX Info: Redefining \dots on input line 499.
LaTeX Info: Redefining \cdots on input line 620.
\Mathstrutbox@=\box56
\strutbox@=\box57
\big@size=\dimen149
LaTeX Font Info:    Redeclaring font encoding OML on input line 743.
LaTeX Font Info:    Redeclaring font encoding OMS on input line 744.
\macc@depth=\count266
\c@MaxMatrixCols=\count267
\dotsspace@=\muskip16
\c@parentequation=\count268
\dspbrk@lvl=\count269
\tag@help=\toks23
\row@=\count270
\column@=\count271
\maxfields@=\count272
\andhelp@=\toks24
\eqnshift@=\dimen150
\alignsep@=\dimen151
\tagshift@=\dimen152
\tagwidth@=\dimen153
\totwidth@=\dimen154
\lineht@=\dimen155
\@envbody=\toks25
\multlinegap=\skip57
\multlinetaggap=\skip58
\mathdisplay@stack=\toks26
LaTeX Info: Redefining \[ on input line 2923.
LaTeX Info: Redefining \] on input line 2924.
)
(/usr/share/texmf-dist/tex/latex/base/textcomp.sty
Package: textcomp 2020/02/02 v2.0n Standard LaTeX package
)
(/usr/share/texmf-dist/tex/latex/amsfonts/amssymb.sty
Package: amssymb 2013/01/14 v3.01 AMS font symbols

(/usr/share/texmf-dist/tex/latex/amsfonts/amsfonts.sty
Package: amsfonts 2013/01/14 v3.01 Basic AMSFonts support
\symAMSa=\mathgroup4
\symAMSb=\mathgroup5
LaTeX Font Info:    Redeclaring math symbol \hbar on input line 98.
LaTeX Font Info:    Overwriting math alphabet `\mathfrak' in version `bold'
(Font)                  U/euf/m/n --> U/euf/b/n on input line 106.
))
(/usr/share/texmf-dist/tex/latex/capt-of/capt-of.sty
Package: capt-of 2009/12/29 v0.2 standard captions outside of floats
)
(/usr/share/texmf-dist/tex/latex/hyperref/hyperref.sty
Package: hyperref 2021-02-27 v7.00k Hypertext links for LaTeX

(/usr/share/texmf-dist/tex/generic/ltxcmds/ltxcmds.sty
Package: ltxcmds 2020-05-10 v1.25 LaTeX kernel commands for general use (HO)
)
(/usr/share/texmf-dist/tex/generic/iftex/iftex.sty
Package: iftex 2020/03/06 v1.0d TeX engine tests
)
(/usr/share/texmf-dist/tex/generic/pdftexcmds/pdftexcmds.sty
Package: pdftexcmds 2020-06-27 v0.33 Utility functions of pdfTeX for LuaTeX (HO
)

(/usr/share/texmf-dist/tex/generic/infwarerr/infwarerr.sty
Package: infwarerr 2019/12/03 v1.5 Providing info/warning/error messages (HO)
)
Package pdftexcmds Info: \pdf@primitive is available.
Package pdftexcmds Info: \pdf@ifprimitive is available.
Package pdftexcmds Info: \pdfdraftmode found.
)
(/usr/share/texmf-dist/tex/generic/kvsetkeys/kvsetkeys.sty
Package: kvsetkeys 2019/12/15 v1.18 Key value parser (HO)
)
(/usr/share/texmf-dist/tex/generic/kvdefinekeys/kvdefinekeys.sty
Package: kvdefinekeys 2019-12-19 v1.6 Define keys (HO)
)
(/usr/share/texmf-dist/tex/generic/pdfescape/pdfescape.sty
Package: pdfescape 2019/12/09 v1.15 Implements pdfTeX's escape features (HO)
)
(/usr/share/texmf-dist/tex/latex/hycolor/hycolor.sty
Package: hycolor 2020-01-27 v1.10 Color options for hyperref/bookmark (HO)
)
(/usr/share/texmf-dist/tex/latex/letltxmacro/letltxmacro.sty
Package: letltxmacro 2019/12/03 v1.6 Let assignment for LaTeX macros (HO)
)
(/usr/share/texmf-dist/tex/latex/auxhook/auxhook.sty
Package: auxhook 2019-12-17 v1.6 Hooks for auxiliary files (HO)
)
(/usr/share/texmf-dist/tex/latex/kvoptions/kvoptions.sty
Package: kvoptions 2020-10-07 v3.14 Key value format for package options (HO)
)
\@linkdim=\dimen156
\Hy@linkcounter=\count273
\Hy@pagecounter=\count274

(/usr/share/texmf-dist/tex/latex/hyperref/pd1enc.def
File: pd1enc.def 2021-02-27 v7.00k Hyperref: PDFDocEncoding definition (HO)
Now handling font encoding PD1 ...
... no UTF-8 mapping file for font encoding PD1
)
(/usr/share/texmf-dist/tex/latex/hyperref/hyperref-langpatches.def
File: hyperref-langpatches.def 2021-02-27 v7.00k Hyperref: patches for babel la
nguages
)
(/usr/share/texmf-dist/tex/generic/intcalc/intcalc.sty
Package: intcalc 2019/12/15 v1.3 Expandable calculations with integers (HO)
)
(/usr/share/texmf-dist/tex/generic/etexcmds/etexcmds.sty
Package: etexcmds 2019/12/15 v1.7 Avoid name clashes with e-TeX commands (HO)
)
\Hy@SavedSpaceFactor=\count275

(/usr/share/texmf-dist/tex/latex/hyperref/puenc.def
File: puenc.def 2021-02-27 v7.00k Hyperref: PDF Unicode definition (HO)
Now handling font encoding PU ...
... no UTF-8 mapping file for font encoding PU
)
Package hyperref Info: Hyper figures OFF on input line 4192.
Package hyperref Info: Link nesting OFF on input line 4197.
Package hyperref Info: Hyper index ON on input line 4200.
Package hyperref Info: Plain pages OFF on input line 4207.
Package hyperref Info: Backreferencing OFF on input line 4212.
Package hyperref Info: Implicit mode ON; LaTeX internals redefined.
Package hyperref Info: Bookmarks ON on input line 4445.
\c@Hy@tempcnt=\count276

(/usr/share/texmf-dist/tex/latex/url/url.sty
\Urlmuskip=\muskip17
Package: url 2013/09/16  ver 3.4  Verb mode for urls, etc.
)
LaTeX Info: Redefining \url on input line 4804.
\XeTeXLinkMargin=\dimen157

(/usr/share/texmf-dist/tex/generic/bitset/bitset.sty
Package: bitset 2019/12/09 v1.3 Handle bit-vector datatype (HO)

(/usr/share/texmf-dist/tex/generic/bigintcalc/bigintcalc.sty
Package: bigintcalc 2019/12/15 v1.5 Expandable calculations on big integers (HO
)
))
\Fld@menulength=\count277
\Field@Width=\dimen158
\Fld@charsize=\dimen159
Package hyperref Info: Hyper figures OFF on input line 6075.
Package hyperref Info: Link nesting OFF on input line 6080.
Package hyperref Info: Hyper index ON on input line 6083.
Package hyperref Info: backreferencing OFF on input line 6090.
Package hyperref Info: Link coloring OFF on input line 6095.
Package hyperref Info: Link coloring with OCG OFF on input line 6100.
Package hyperref Info: PDF/A mode OFF on input line 6105.
LaTeX Info: Redefining \ref on input line 6145.
LaTeX Info: Redefining \pageref on input line 6149.

(/usr/share/texmf-dist/tex/latex/base/atbegshi-ltx.sty
Package: atbegshi-ltx 2020/08/17 v1.0a Emulation of the original atbegshi packa
ge
with kernel methods
)
\Hy@abspage=\count278
\c@Item=\count279
\c@Hfootnote=\count280
)
Package hyperref Info: Driver (autodetected): hpdftex.

(/usr/share/texmf-dist/tex/latex/hyperref/hpdftex.def
File: hpdftex.def 2021-02-27 v7.00k Hyperref driver for pdfTeX

(/usr/share/texmf-dist/tex/latex/base/atveryend-ltx.sty
Package: atveryend-ltx 2020/08/19 v1.0a Emulation of the original atvery packag
e
with kernel methods
)
\Fld@listcount=\count281
\c@bookmark@seq@number=\count282

(/usr/share/texmf-dist/tex/latex/rerunfilecheck/rerunfilecheck.sty
Package: rerunfilecheck 2019/12/05 v1.9 Rerun checks for auxiliary files (HO)

(/usr/share/texmf-dist/tex/generic/uniquecounter/uniquecounter.sty
Package: uniquecounter 2019/12/15 v1.4 Provide unlimited unique counter (HO)
)
Package uniquecounter Info: New unique counter `rerunfilecheck' on input line 2
86.
)
\Hy@SectionHShift=\skip59
)
(/usr/share/texmf-dist/tex/latex/minted/minted.sty
Package: minted 2017/07/19 v2.5 Yet another Pygments shim for LaTeX

(/usr/share/texmf-dist/tex/latex/fvextra/fvextra.sty
Package: fvextra 2019/02/04 v1.4 fvextra - extensions and patches for fancyvrb

(/usr/share/texmf-dist/tex/latex/etoolbox/etoolbox.sty
Package: etoolbox 2020/10/05 v2.5k e-TeX tools for LaTeX (JAW)
\etb@tempcnta=\count283
)
(/usr/share/texmf-dist/tex/latex/fancyvrb/fancyvrb.sty
Package: fancyvrb 2021/01/20 v3.7 verbatim text (tvz,hv)
\FV@CodeLineNo=\count284
\FV@InFile=\read2
\FV@TabBox=\box58
\c@FancyVerbLine=\count285
\FV@StepNumber=\count286
\FV@OutFile=\write3
)
(/usr/share/texmf-dist/tex/latex/upquote/upquote.sty
Package: upquote 2012/04/19 v1.3 upright-quote and grave-accent glyphs in verba
tim
)
(/usr/share/texmf-dist/tex/latex/lineno/lineno.sty
Package: lineno 2005/11/02 line numbers on paragraphs v4.41
\linenopenalty=\count287
\output=\toks27
\linenoprevgraf=\count288
\linenumbersep=\dimen160
\linenumberwidth=\dimen161
\c@linenumber=\count289
\c@pagewiselinenumber=\count290
\c@LN@truepage=\count291
\c@internallinenumber=\count292
\c@internallinenumbers=\count293
\quotelinenumbersep=\dimen162
\bframerule=\dimen163
\bframesep=\dimen164
\bframebox=\box59
LaTeX Info: Redefining \\ on input line 3056.
)
\c@FV@TrueTabGroupLevel=\count294
\c@FV@TrueTabCounter=\count295
\FV@TabBox@Group=\box60
\FV@TmpLength=\skip60
\c@FV@HighlightLinesStart=\count296
\c@FV@HighlightLinesStop=\count297
\FV@LoopCount=\count298
\FV@NCharsBox=\box61
\FV@BreakIndent=\dimen165
\FV@BreakIndentNChars=\count299
\FV@BreakSymbolSepLeft=\dimen166
\FV@BreakSymbolSepLeftNChars=\count300
\FV@BreakSymbolSepRight=\dimen167
\FV@BreakSymbolSepRightNChars=\count301
\FV@BreakSymbolIndentLeft=\dimen168
\FV@BreakSymbolIndentLeftNChars=\count302
\FV@BreakSymbolIndentRight=\dimen169
\FV@BreakSymbolIndentRightNChars=\count303
\c@FancyVerbLineBreakLast=\count304
\FV@LineBox=\box62
\FV@LineIndentBox=\box63
\FV@LineWidth=\dimen170
)
(/usr/share/texmf-dist/tex/latex/tools/calc.sty
Package: calc 2017/05/25 v4.3 Infix arithmetic (KKT,FJ)
\calc@Acount=\count305
\calc@Bcount=\count306
\calc@Adimen=\dimen171
\calc@Bdimen=\dimen172
\calc@Askip=\skip61
\calc@Bskip=\skip62
LaTeX Info: Redefining \setlength on input line 80.
LaTeX Info: Redefining \addtolength on input line 81.
\calc@Ccount=\count307
\calc@Cskip=\skip63
)
(/usr/share/texmf-dist/tex/latex/tools/shellesc.sty
Package: shellesc 2019/11/08 v1.0c unified shell escape interface for LaTeX
Package shellesc Info: Unrestricted shell escape enabled on input line 75.
)
(/usr/share/texmf-dist/tex/latex/ifplatform/ifplatform.sty
Package: ifplatform 2017/10/13 v0.4a Testing for the operating system

(/usr/share/texmf-dist/tex/generic/catchfile/catchfile.sty
Package: catchfile 2019/12/09 v1.8 Catch the contents of a file (HO)
)
(/usr/share/texmf-dist/tex/generic/iftex/ifluatex.sty
Package: ifluatex 2019/10/25 v1.5 ifluatex legacy package. Use iftex instead.
)
runsystem(uname -s > "kommentar.w18")...executed.

 (./kommentar.w18)
runsystem(rm -- "kommentar.w18")...executed.

)
(/usr/share/texmf-dist/tex/generic/xstring/xstring.sty
(/usr/share/texmf-dist/tex/generic/xstring/xstring.tex
\integerpart=\count308
\decimalpart=\count309
)
Package: xstring 2019/02/06 v1.83 String manipulations (CT)
)
(/usr/share/texmf-dist/tex/latex/framed/framed.sty
Package: framed 2011/10/22 v 0.96: framed or shaded text with page breaks
\OuterFrameSep=\skip64
\fb@frw=\dimen173
\fb@frh=\dimen174
\FrameRule=\dimen175
\FrameSep=\dimen176
)
(/usr/share/texmf-dist/tex/latex/float/float.sty
Package: float 2001/11/08 v1.3d Float enhancements (AL)
\c@float@type=\count310
\float@exts=\toks28
\float@box=\box64
\@float@everytoks=\toks29
\@floatcapt=\box65
)
\minted@appexistsfile=\read3
\minted@bgbox=\box66
\minted@code=\write4
\c@minted@FancyVerbLineTemp=\count311
\c@minted@pygmentizecounter=\count312
\@float@every@listing=\toks30
\c@listing=\count313
)
runsystem(mkdir -p _minted-kommentar)...executed.


(/usr/share/texmf-dist/tex/latex/xcolor/xcolor.sty
Package: xcolor 2016/05/11 v2.12 LaTeX color extensions (UK)

(/usr/share/texmf-dist/tex/latex/graphics-cfg/color.cfg
File: color.cfg 2016/01/02 v1.6 sample color configuration
)
Package xcolor Info: Driver file: pdftex.def on input line 225.
Package xcolor Info: Model `cmy' substituted by `cmy0' on input line 1348.
Package xcolor Info: Model `hsb' substituted by `rgb' on input line 1352.
Package xcolor Info: Model `RGB' extended on input line 1364.
Package xcolor Info: Model `HTML' substituted by `rgb' on input line 1366.
Package xcolor Info: Model `Hsb' substituted by `hsb' on input line 1367.
Package xcolor Info: Model `tHsb' substituted by `hsb' on input line 1368.
Package xcolor Info: Model `HSB' substituted by `hsb' on input line 1369.
Package xcolor Info: Model `Gray' substituted by `gray' on input line 1370.
Package xcolor Info: Model `wave' substituted by `hsb' on input line 1371.

(/usr/share/texmf-dist/tex/latex/graphics/dvipsnam.def
File: dvipsnam.def 2016/06/17 v3.0m Driver-dependent file (DPC,SPQR)
))
(/usr/share/texmf-dist/tex/latex/pgf/frontendlayer/tikz.sty
(/usr/share/texmf-dist/tex/latex/pgf/basiclayer/pgf.sty
(/usr/share/texmf-dist/tex/latex/pgf/utilities/pgfrcs.sty
(/usr/share/texmf-dist/tex/generic/pgf/utilities/pgfutil-common.tex
\pgfutil@everybye=\toks31
\pgfutil@tempdima=\dimen177
\pgfutil@tempdimb=\dimen178

(/usr/share/texmf-dist/tex/generic/pgf/utilities/pgfutil-common-lists.tex))
(/usr/share/texmf-dist/tex/generic/pgf/utilities/pgfutil-latex.def
\pgfutil@abb=\box67
)
(/usr/share/texmf-dist/tex/generic/pgf/utilities/pgfrcs.code.tex
(/usr/share/texmf-dist/tex/generic/pgf/pgf.revision.tex)
Package: pgfrcs 2020/12/27 v3.1.8b (3.1.8b)
))
Package: pgf 2020/12/27 v3.1.8b (3.1.8b)

(/usr/share/texmf-dist/tex/latex/pgf/basiclayer/pgfcore.sty
(/usr/share/texmf-dist/tex/latex/pgf/systemlayer/pgfsys.sty
(/usr/share/texmf-dist/tex/generic/pgf/systemlayer/pgfsys.code.tex
Package: pgfsys 2020/12/27 v3.1.8b (3.1.8b)

(/usr/share/texmf-dist/tex/generic/pgf/utilities/pgfkeys.code.tex
\pgfkeys@pathtoks=\toks32
\pgfkeys@temptoks=\toks33

(/usr/share/texmf-dist/tex/generic/pgf/utilities/pgfkeysfiltered.code.tex
\pgfkeys@tmptoks=\toks34
))
\pgf@x=\dimen179
\pgf@y=\dimen180
\pgf@xa=\dimen181
\pgf@ya=\dimen182
\pgf@xb=\dimen183
\pgf@yb=\dimen184
\pgf@xc=\dimen185
\pgf@yc=\dimen186
\pgf@xd=\dimen187
\pgf@yd=\dimen188
\w@pgf@writea=\write5
\r@pgf@reada=\read4
\c@pgf@counta=\count314
\c@pgf@countb=\count315
\c@pgf@countc=\count316
\c@pgf@countd=\count317
\t@pgf@toka=\toks35
\t@pgf@tokb=\toks36
\t@pgf@tokc=\toks37
\pgf@sys@id@count=\count318

(/usr/share/texmf-dist/tex/generic/pgf/systemlayer/pgf.cfg
File: pgf.cfg 2020/12/27 v3.1.8b (3.1.8b)
)
Driver file for pgf: pgfsys-pdftex.def

(/usr/share/texmf-dist/tex/generic/pgf/systemlayer/pgfsys-pdftex.def
File: pgfsys-pdftex.def 2020/12/27 v3.1.8b (3.1.8b)

(/usr/share/texmf-dist/tex/generic/pgf/systemlayer/pgfsys-common-pdf.def
File: pgfsys-common-pdf.def 2020/12/27 v3.1.8b (3.1.8b)
)))
(/usr/share/texmf-dist/tex/generic/pgf/systemlayer/pgfsyssoftpath.code.tex
File: pgfsyssoftpath.code.tex 2020/12/27 v3.1.8b (3.1.8b)
\pgfsyssoftpath@smallbuffer@items=\count319
\pgfsyssoftpath@bigbuffer@items=\count320
)
(/usr/share/texmf-dist/tex/generic/pgf/systemlayer/pgfsysprotocol.code.tex
File: pgfsysprotocol.code.tex 2020/12/27 v3.1.8b (3.1.8b)
))
(/usr/share/texmf-dist/tex/generic/pgf/basiclayer/pgfcore.code.tex
Package: pgfcore 2020/12/27 v3.1.8b (3.1.8b)

(/usr/share/texmf-dist/tex/generic/pgf/math/pgfmath.code.tex
(/usr/share/texmf-dist/tex/generic/pgf/math/pgfmathcalc.code.tex
(/usr/share/texmf-dist/tex/generic/pgf/math/pgfmathutil.code.tex)
(/usr/share/texmf-dist/tex/generic/pgf/math/pgfmathparser.code.tex
\pgfmath@dimen=\dimen189
\pgfmath@count=\count321
\pgfmath@box=\box68
\pgfmath@toks=\toks38
\pgfmath@stack@operand=\toks39
\pgfmath@stack@operation=\toks40
)
(/usr/share/texmf-dist/tex/generic/pgf/math/pgfmathfunctions.code.tex
(/usr/share/texmf-dist/tex/generic/pgf/math/pgfmathfunctions.basic.code.tex)
(/usr/share/texmf-dist/tex/generic/pgf/math/pgfmathfunctions.trigonometric.code
.tex)
(/usr/share/texmf-dist/tex/generic/pgf/math/pgfmathfunctions.random.code.tex)
(/usr/share/texmf-dist/tex/generic/pgf/math/pgfmathfunctions.comparison.code.te
x) (/usr/share/texmf-dist/tex/generic/pgf/math/pgfmathfunctions.base.code.tex)
(/usr/share/texmf-dist/tex/generic/pgf/math/pgfmathfunctions.round.code.tex)
(/usr/share/texmf-dist/tex/generic/pgf/math/pgfmathfunctions.misc.code.tex)
(/usr/share/texmf-dist/tex/generic/pgf/math/pgfmathfunctions.integerarithmetics
.code.tex))) (/usr/share/texmf-dist/tex/generic/pgf/math/pgfmathfloat.code.tex
\c@pgfmathroundto@lastzeros=\count322
)) (/usr/share/texmf-dist/tex/generic/pgf/math/pgfint.code.tex)
(/usr/share/texmf-dist/tex/generic/pgf/basiclayer/pgfcorepoints.code.tex
File: pgfcorepoints.code.tex 2020/12/27 v3.1.8b (3.1.8b)
\pgf@picminx=\dimen190
\pgf@picmaxx=\dimen191
\pgf@picminy=\dimen192
\pgf@picmaxy=\dimen193
\pgf@pathminx=\dimen194
\pgf@pathmaxx=\dimen195
\pgf@pathminy=\dimen196
\pgf@pathmaxy=\dimen197
\pgf@xx=\dimen198
\pgf@xy=\dimen199
\pgf@yx=\dimen256
\pgf@yy=\dimen257
\pgf@zx=\dimen258
\pgf@zy=\dimen259
)
(/usr/share/texmf-dist/tex/generic/pgf/basiclayer/pgfcorepathconstruct.code.tex
File: pgfcorepathconstruct.code.tex 2020/12/27 v3.1.8b (3.1.8b)
\pgf@path@lastx=\dimen260
\pgf@path@lasty=\dimen261
) (/usr/share/texmf-dist/tex/generic/pgf/basiclayer/pgfcorepathusage.code.tex
File: pgfcorepathusage.code.tex 2020/12/27 v3.1.8b (3.1.8b)
\pgf@shorten@end@additional=\dimen262
\pgf@shorten@start@additional=\dimen263
)
(/usr/share/texmf-dist/tex/generic/pgf/basiclayer/pgfcorescopes.code.tex
File: pgfcorescopes.code.tex 2020/12/27 v3.1.8b (3.1.8b)
\pgfpic=\box69
\pgf@hbox=\box70
\pgf@layerbox@main=\box71
\pgf@picture@serial@count=\count323
)
(/usr/share/texmf-dist/tex/generic/pgf/basiclayer/pgfcoregraphicstate.code.tex
File: pgfcoregraphicstate.code.tex 2020/12/27 v3.1.8b (3.1.8b)
\pgflinewidth=\dimen264
)
(/usr/share/texmf-dist/tex/generic/pgf/basiclayer/pgfcoretransformations.code.t
ex
File: pgfcoretransformations.code.tex 2020/12/27 v3.1.8b (3.1.8b)
\pgf@pt@x=\dimen265
\pgf@pt@y=\dimen266
\pgf@pt@temp=\dimen267
) (/usr/share/texmf-dist/tex/generic/pgf/basiclayer/pgfcorequick.code.tex
File: pgfcorequick.code.tex 2020/12/27 v3.1.8b (3.1.8b)
)
(/usr/share/texmf-dist/tex/generic/pgf/basiclayer/pgfcoreobjects.code.tex
File: pgfcoreobjects.code.tex 2020/12/27 v3.1.8b (3.1.8b)
)
(/usr/share/texmf-dist/tex/generic/pgf/basiclayer/pgfcorepathprocessing.code.te
x
File: pgfcorepathprocessing.code.tex 2020/12/27 v3.1.8b (3.1.8b)
) (/usr/share/texmf-dist/tex/generic/pgf/basiclayer/pgfcorearrows.code.tex
File: pgfcorearrows.code.tex 2020/12/27 v3.1.8b (3.1.8b)
\pgfarrowsep=\dimen268
)
(/usr/share/texmf-dist/tex/generic/pgf/basiclayer/pgfcoreshade.code.tex
File: pgfcoreshade.code.tex 2020/12/27 v3.1.8b (3.1.8b)
\pgf@max=\dimen269
\pgf@sys@shading@range@num=\count324
\pgf@shadingcount=\count325
)
(/usr/share/texmf-dist/tex/generic/pgf/basiclayer/pgfcoreimage.code.tex
File: pgfcoreimage.code.tex 2020/12/27 v3.1.8b (3.1.8b)

(/usr/share/texmf-dist/tex/generic/pgf/basiclayer/pgfcoreexternal.code.tex
File: pgfcoreexternal.code.tex 2020/12/27 v3.1.8b (3.1.8b)
\pgfexternal@startupbox=\box72
))
(/usr/share/texmf-dist/tex/generic/pgf/basiclayer/pgfcorelayers.code.tex
File: pgfcorelayers.code.tex 2020/12/27 v3.1.8b (3.1.8b)
)
(/usr/share/texmf-dist/tex/generic/pgf/basiclayer/pgfcoretransparency.code.tex
File: pgfcoretransparency.code.tex 2020/12/27 v3.1.8b (3.1.8b)
) (/usr/share/texmf-dist/tex/generic/pgf/basiclayer/pgfcorepatterns.code.tex
File: pgfcorepatterns.code.tex 2020/12/27 v3.1.8b (3.1.8b)
)
(/usr/share/texmf-dist/tex/generic/pgf/basiclayer/pgfcorerdf.code.tex
File: pgfcorerdf.code.tex 2020/12/27 v3.1.8b (3.1.8b)
)))
(/usr/share/texmf-dist/tex/generic/pgf/modules/pgfmoduleshapes.code.tex
File: pgfmoduleshapes.code.tex 2020/12/27 v3.1.8b (3.1.8b)
\pgfnodeparttextbox=\box73
)
(/usr/share/texmf-dist/tex/generic/pgf/modules/pgfmoduleplot.code.tex
File: pgfmoduleplot.code.tex 2020/12/27 v3.1.8b (3.1.8b)
)
(/usr/share/texmf-dist/tex/latex/pgf/compatibility/pgfcomp-version-0-65.sty
Package: pgfcomp-version-0-65 2020/12/27 v3.1.8b (3.1.8b)
\pgf@nodesepstart=\dimen270
\pgf@nodesepend=\dimen271
)
(/usr/share/texmf-dist/tex/latex/pgf/compatibility/pgfcomp-version-1-18.sty
Package: pgfcomp-version-1-18 2020/12/27 v3.1.8b (3.1.8b)
))
(/usr/share/texmf-dist/tex/latex/pgf/utilities/pgffor.sty
(/usr/share/texmf-dist/tex/latex/pgf/utilities/pgfkeys.sty
(/usr/share/texmf-dist/tex/generic/pgf/utilities/pgfkeys.code.tex))
(/usr/share/texmf-dist/tex/latex/pgf/math/pgfmath.sty
(/usr/share/texmf-dist/tex/generic/pgf/math/pgfmath.code.tex))
(/usr/share/texmf-dist/tex/generic/pgf/utilities/pgffor.code.tex
Package: pgffor 2020/12/27 v3.1.8b (3.1.8b)

(/usr/share/texmf-dist/tex/generic/pgf/math/pgfmath.code.tex)
\pgffor@iter=\dimen272
\pgffor@skip=\dimen273
\pgffor@stack=\toks41
\pgffor@toks=\toks42
))
(/usr/share/texmf-dist/tex/generic/pgf/frontendlayer/tikz/tikz.code.tex
Package: tikz 2020/12/27 v3.1.8b (3.1.8b)

(/usr/share/texmf-dist/tex/generic/pgf/libraries/pgflibraryplothandlers.code.te
x
File: pgflibraryplothandlers.code.tex 2020/12/27 v3.1.8b (3.1.8b)
\pgf@plot@mark@count=\count326
\pgfplotmarksize=\dimen274
)
\tikz@lastx=\dimen275
\tikz@lasty=\dimen276
\tikz@lastxsaved=\dimen277
\tikz@lastysaved=\dimen278
\tikz@lastmovetox=\dimen279
\tikz@lastmovetoy=\dimen280
\tikzleveldistance=\dimen281
\tikzsiblingdistance=\dimen282
\tikz@figbox=\box74
\tikz@figbox@bg=\box75
\tikz@tempbox=\box76
\tikz@tempbox@bg=\box77
\tikztreelevel=\count327
\tikznumberofchildren=\count328
\tikznumberofcurrentchild=\count329
\tikz@fig@count=\count330
 (/usr/share/texmf-dist/tex/generic/pgf/modules/pgfmodulematrix.code.tex
File: pgfmodulematrix.code.tex 2020/12/27 v3.1.8b (3.1.8b)
\pgfmatrixcurrentrow=\count331
\pgfmatrixcurrentcolumn=\count332
\pgf@matrix@numberofcolumns=\count333
)
\tikz@expandcount=\count334

(/usr/share/texmf-dist/tex/generic/pgf/frontendlayer/tikz/libraries/tikzlibrary
topaths.code.tex
File: tikzlibrarytopaths.code.tex 2020/12/27 v3.1.8b (3.1.8b)
))) (/usr/share/texmf-dist/tex/latex/pdfpages/pdfpages.sty
Package: pdfpages 2021/03/06 v0.5t Insert pages of external PDF documents (AM)

(/usr/share/texmf-dist/tex/latex/eso-pic/eso-pic.sty
Package: eso-pic 2020/10/14 v3.0a eso-pic (RN)
\ESO@tempdima=\dimen283
\ESO@tempdimb=\dimen284
)
\AM@pagewidth=\dimen285
\AM@pageheight=\dimen286
\AM@fboxrule=\dimen287

(/usr/share/texmf-dist/tex/latex/pdfpages/pppdftex.def
File: pppdftex.def 2021/03/06 v0.5t Pdfpages driver for pdfTeX (AM)
)
\pdfpages@includegraphics@status=\count335
\AM@pagebox=\box78
\AM@global@opts=\toks43
\AM@pagecnt=\count336
\AM@toc@title=\toks44
\c@AM@survey=\count337
\AM@templatesizebox=\box79
)
(/usr/share/texmf-dist/tex/generic/babel/babel.sty
Package: babel 2021/03/24 3.56 The Babel package

(/usr/share/texmf-dist/tex/generic/babel/babel.def
File: babel.def 2021/03/24 3.56 Babel common definitions
\babel@savecnt=\count338
\U@D=\dimen288
\l@babelnohyphens=\language87

(/usr/share/texmf-dist/tex/generic/babel/txtbabel.def)
\bbl@readstream=\read5
)
\bbl@dirlevel=\count339

(/usr/share/texmf-dist/tex/generic/babel-german/germanb.ldf
Language: germanb 2021/02/27 v2.13 German support for babel (pre-1996 orthograp
hy)
Package babel Info: Making " an active character on input line 139.
))
(/usr/share/texmf-dist/tex/latex/listings/listings.sty
\lst@mode=\count340
\lst@gtempboxa=\box80
\lst@token=\toks45
\lst@length=\count341
\lst@currlwidth=\dimen289
\lst@column=\count342
\lst@pos=\count343
\lst@lostspace=\dimen290
\lst@width=\dimen291
\lst@newlines=\count344
\lst@lineno=\count345
\lst@maxwidth=\dimen292

(/usr/share/texmf-dist/tex/latex/listings/lstmisc.sty
File: lstmisc.sty 2020/03/24 1.8d (Carsten Heinz)
\c@lstnumber=\count346
\lst@skipnumbers=\count347
\lst@framebox=\box81
)
(/usr/share/texmf-dist/tex/latex/listings/listings.cfg
File: listings.cfg 2020/03/24 1.8d listings configuration
))
Package: listings 2020/03/24 1.8d (Carsten Heinz)

(/usr/share/texmf-dist/tex/latex/psnfss/courier.sty
Package: courier 2020/03/25 PSNFSS-v9.3 (WaS) 
)
(/usr/share/texmf-dist/tex/latex/was/gensymb.sty
Package: gensymb 2003/07/02 v1.0 (WaS)
)
runsystem(which pygmentize && touch kommentar.aex)...executed.

runsystem(rm kommentar.aex)...executed.


(/usr/share/texmf-dist/tex/latex/l3backend/l3backend-pdftex.def
File: l3backend-pdftex.def 2021-03-18 L3 backend support: PDF output (pdfTeX)
\l__color_backend_stack_int=\count348
\l__pdf_internal_box=\box82
)
(./kommentar.aux)
\openout1 = `kommentar.aux'.

LaTeX Font Info:    Checking defaults for OML/cmm/m/it on input line 40.
LaTeX Font Info:    ... okay on input line 40.
LaTeX Font Info:    Checking defaults for OMS/cmsy/m/n on input line 40.
LaTeX Font Info:    ... okay on input line 40.
LaTeX Font Info:    Checking defaults for OT1/cmr/m/n on input line 40.
LaTeX Font Info:    ... okay on input line 40.
LaTeX Font Info:    Checking defaults for T1/cmr/m/n on input line 40.
LaTeX Font Info:    ... okay on input line 40.
LaTeX Font Info:    Checking defaults for TS1/cmr/m/n on input line 40.
LaTeX Font Info:    ... okay on input line 40.
LaTeX Font Info:    Checking defaults for OMX/cmex/m/n on input line 40.
LaTeX Font Info:    ... okay on input line 40.
LaTeX Font Info:    Checking defaults for U/cmr/m/n on input line 40.
LaTeX Font Info:    ... okay on input line 40.
LaTeX Font Info:    Checking defaults for PD1/pdf/m/n on input line 40.
LaTeX Font Info:    ... okay on input line 40.
LaTeX Font Info:    Checking defaults for PU/pdf/m/n on input line 40.
LaTeX Font Info:    ... okay on input line 40.
 (/usr/share/texmf-dist/tex/context/base/mkii/supp-pdf.mkii
[Loading MPS to PDF converter (version 2006.09.02).]
\scratchcounter=\count349
\scratchdimen=\dimen293
\scratchbox=\box83
\nofMPsegments=\count350
\nofMParguments=\count351
\everyMPshowfont=\toks46
\MPscratchCnt=\count352
\MPscratchDim=\dimen294
\MPnumerator=\count353
\makeMPintoPDFobject=\count354
\everyMPtoPDFconversion=\toks47
) (/usr/share/texmf-dist/tex/latex/epstopdf-pkg/epstopdf-base.sty
Package: epstopdf-base 2020-01-24 v2.11 Base part for package epstopdf
Package epstopdf-base Info: Redefining graphics rule for `.eps' on input line 4
85.

(/usr/share/texmf-dist/tex/latex/latexconfig/epstopdf-sys.cfg
File: epstopdf-sys.cfg 2010/07/13 v1.3 Configuration of (r)epstopdf for TeX Liv
e
))
Package hyperref Info: Link coloring OFF on input line 40.

(/usr/share/texmf-dist/tex/latex/hyperref/nameref.sty
Package: nameref 2021-04-02 v2.47 Cross-referencing by name of section

(/usr/share/texmf-dist/tex/latex/refcount/refcount.sty
Package: refcount 2019/12/15 v3.6 Data extraction from label references (HO)
)
(/usr/share/texmf-dist/tex/generic/gettitlestring/gettitlestring.sty
Package: gettitlestring 2019/12/15 v1.6 Cleanup title references (HO)
)
\c@section@level=\count355
)
LaTeX Info: Redefining \ref on input line 40.
LaTeX Info: Redefining \pageref on input line 40.
LaTeX Info: Redefining \nameref on input line 40.

(./kommentar.out) (./kommentar.out)
\@outlinefile=\write6
\openout6 = `kommentar.out'.


(/usr/share/texmf-dist/tex/latex/pdflscape/pdflscape.sty
Package: pdflscape 2019/12/05 v0.12 Display of landscape pages in PDF (HO)

(/usr/share/texmf-dist/tex/latex/graphics/lscape.sty
Package: lscape 2020/05/28 v3.02 Landscape Pages (DPC)
)
Package pdflscape Info: Auto-detected driver: pdftex on input line 81.
)
\c@lstlisting=\count356
\symgns@font=\mathgroup6
LaTeX Font Info:    Overwriting symbol font `gns@font' in version `bold'
(Font)                  TS1/cmr/m/n --> TS1/cmr/b/n on input line 40.
Package gensymb Info: Math companion symbols declared on input line 40.
LaTeX Info: Redefining \degree on input line 40.
LaTeX Info: Redefining \celsius on input line 40.
Package gensymb Info: Using text companion symbols for \degree, \celsius and \p
erthousand on input line 40.
LaTeX Info: Redefining \ohm on input line 40.
Package gensymb Info: Using \textohm for \ohm on input line 40.
Package gensymb Info: Using \textmu for \micro on input line 40.
<~/.tools/ksba.png, id=79, 125.46875pt x 93.34875pt>
File: ~/.tools/ksba.png Graphic file (type png)
<use ~/.tools/ksba.png>
Package pdftex.def Info: ~/.tools/ksba.png  used on input line 47.
(pdftex.def)             Requested size: 125.46843pt x 93.34851pt.
 [1

{/var/lib/texmf/fonts/map/pdftex/updmap/pdftex.map} </home/jeykey/.tools/ksba.p
ng>] (./kommentar.toc)
\tf@toc=\write7
\openout7 = `kommentar.toc'.

pdfTeX warning (ext4): destination with the same identifier (name{page.1}) has 
been already used, duplicate ignored
<to be read again> 
                   \relax 
l.74 \newpage
              [1]

! LaTeX Error: Environment ABSTRACT undefined.

See the LaTeX manual or LaTeX Companion for explanation.
Type  H <return>  for immediate help.
 ...                                              
                                                  
l.75 \begin{ABSTRACT}
                     
? 

Underfull \hbox (badness 10000) in paragraph at lines 76--90

 []

LaTeX Font Info:    Trying to load font information for T1+pcr on input line 97
.
(/usr/share/texmf-dist/tex/latex/psnfss/t1pcr.fd
File: t1pcr.fd 2001/06/04 font definitions for T1/pcr.
)

! LaTeX Error: \begin{document} ended by \end{ABSTRACT}.

See the LaTeX manual or LaTeX Companion for explanation.
Type  H <return>  for immediate help.
 ...                                              
                                                  
l.111 \end{ABSTRACT}
                    
? 
[2]
Overfull \hbox (44.34921pt too wide) in paragraph at lines 139--147
\T1/cmr/m/n/10.95 De-tail-grad zwi-schen dem schrift-li-chen Kom-men-tar und de
r Code-Dokumentation
 []

[3]
Underfull \hbox (badness 10000) in paragraph at lines 164--174

 []


Underfull \hbox (badness 10000) in paragraph at lines 175--185

 []


Underfull \hbox (badness 10000) in paragraph at lines 186--199

 []


Underfull \hbox (badness 10000) in paragraph at lines 200--207

 []

[4]
Underfull \hbox (badness 10000) in paragraph at lines 208--216

 []


Overfull \hbox (2.04764pt too wide) in paragraph at lines 218--226
\T1/cmr/m/n/10.95 be-nö-tig-ten Pro-to-kol-len, haupt-säch-lich \T1/pcr/m/n/10.
95 TCP \T1/cmr/m/n/10.95 und \T1/pcr/m/n/10.95 UDP \T1/cmr/m/n/10.95 wird ei-ne
 \T1/pcr/m/n/10.95 IP-Addresse
 []


Underfull \hbox (badness 10000) in paragraph at lines 228--235

 []

LaTeX Font Info:    Trying to load font information for U+msa on input line 236
.
(/usr/share/texmf-dist/tex/latex/amsfonts/umsa.fd
File: umsa.fd 2013/01/14 v3.01 AMS symbols A
)
LaTeX Font Info:    Trying to load font information for U+msb on input line 236
.

(/usr/share/texmf-dist/tex/latex/amsfonts/umsb.fd
File: umsb.fd 2013/01/14 v3.01 AMS symbols B
)
Overfull \hbox (7.29005pt too wide) in paragraph at lines 236--248
$\OT1/cmr/m/n/10.95 4[]294[]967[]296$\T1/cmr/m/n/10.95 . So vie-le \T1/pcr/m/n/
10.95 IP-V4\T1/cmr/m/n/10.95 -Adressen wird es je-mals ge-ben. \T1/pcr/m/n/10.9
5 IP-V4\T1/cmr/m/n/10.95 -Adressen
 []


Underfull \hbox (badness 10000) in paragraph at lines 236--248

 []

[5]
Underfull \hbox (badness 10000) in paragraph at lines 262--266

 []


Underfull \hbox (badness 10000) in paragraph at lines 267--271

 []

[6]
Underfull \hbox (badness 10000) in paragraph at lines 299--305

 []


Underfull \hbox (badness 10000) in paragraph at lines 306--316

 []


Underfull \hbox (badness 10000) in paragraph at lines 318--324

 []

[7]
Underfull \hbox (badness 10000) in paragraph at lines 333--338

 []


Underfull \hbox (badness 10000) in paragraph at lines 339--343

 []


Underfull \hbox (badness 10000) in paragraph at lines 344--353

 []


Underfull \hbox (badness 10000) in paragraph at lines 354--363

 []

[8]
Underfull \hbox (badness 10000) in paragraph at lines 375--385

 []


Underfull \hbox (badness 10000) in paragraph at lines 386--390

 []


Underfull \hbox (badness 10000) in paragraph at lines 391--398

 []


Underfull \hbox (badness 10000) in paragraph at lines 408--408
[][][]\T1/cmr/m/n/9 Fastcompany: Goo-gle ou-ta-ge []$\T1/pcr/m/n/9 https : / / 
www . fastcompany . com / 90358396 /
 []


Overfull \hbox (86.96832pt too wide) in paragraph at lines 408--408
\T1/pcr/m/n/9 that-[]major-[]google-[]outage-[]meant-[]some-[]nest-[]users-[]co
uldnt-[]unlock-[]doors-[]or-[]use-[]the-[]ac$[]\T1/cmr/m/n/9 ,
 []

[9]
Underfull \hbox (badness 10000) in paragraph at lines 417--430

 []

[10]
Underfull \hbox (badness 10000) in paragraph at lines 459--464

 []


Underfull \hbox (badness 10000) in paragraph at lines 483--488

 []


Underfull \hbox (badness 10000) in paragraph at lines 495--508

 []

[11] [12]
Underfull \hbox (badness 10000) in paragraph at lines 559--573

 []

[13]
Overfull \hbox (1.49551pt too wide) in paragraph at lines 590--594
\T1/cmr/m/n/10.95 dig-keit ent-wickelt und ver-brei-tet. Wer al-so nicht mit de
n neu-sten Trends
 []


Underfull \hbox (badness 10000) in paragraph at lines 605--614

 []

[14]
Underfull \hbox (badness 10000) in paragraph at lines 659--659
[][][]\T1/cmr/m/n/9 Github: En-gi-ne: Ori-on Be-richt, []$\T1/pcr/m/n/9 https :
 / / github . com / EngineOrion /
 []


Underfull \hbox (badness 10000) in paragraph at lines 659--659
\T1/pcr/m/n/9 kommentar / blob / 54489464214ed7833f182df09aab29eae4a591e4 /
 []

[15]
Underfull \hbox (badness 10000) in paragraph at lines 683--686

 []


Underfull \hbox (badness 10000) in paragraph at lines 687--695

 []


Underfull \hbox (badness 10000) in paragraph at lines 696--703

 []

[16]
Overfull \hbox (1.59622pt too wide) in paragraph at lines 708--713
\T1/cmr/m/n/10.95 ei-ne lang-le-bi-ge Ver-bin-dung auf-ge-baut wer-den, wel-che
 für meh-re-re Nach-
 []


Overfull \hbox (37.87407pt too wide) in paragraph at lines 725--731
[]\T1/cmr/m/n/10.95 Verschlüsselung: Dank der Fa-mi-lie der \T1/pcr/m/n/10.95 N
aCl\T1/cmr/m/n/10.95 -Verschlüsselungsbibliotheken
 []

[17]
\openout3 = `kommentar.pyg'.

 (./_minted-kommentar/default-pyg-prefix.pygstyle)
(./_minted-kommentar/default.pygstyle)
(./_minted-kommentar/26859C67359D045D113283C677349448ED0F09EF568C3EF2AD05837A25
936D01.pygtex
! Undefined control sequence.
\PYG #1#2->\FV@PYG 
                   {#1}{\FancyVerbBreakStart #2\FancyVerbBreakStop }
l.2 ...{+w}{ }\PYG{n}{actaeon}::\PYG{p}{\PYGZob{}}
                                                  
? 
! Undefined control sequence.
\PYG #1#2->\FV@PYG 
                   {#1}{\FancyVerbBreakStart #2\FancyVerbBreakStop }
l.2 ...{+w}{ }\PYG{n}{actaeon}::\PYG{p}{\PYGZob{}}
                                                  
? 
! Undefined control sequence.
\PYG #1#2->\FV@PYG 
                   {#1}{\FancyVerbBreakStart #2\FancyVerbBreakStop }
l.2 ...{+w}{ }\PYG{n}{actaeon}::\PYG{p}{\PYGZob{}}
                                                  
? 
! Undefined control sequence.
\PYG #1#2->\FV@PYG 
                   {#1}{\FancyVerbBreakStart #2\FancyVerbBreakStop }
l.2 ...{+w}{ }\PYG{n}{actaeon}::\PYG{p}{\PYGZob{}}
                                                  
? 
! Undefined control sequence.
<argument> \PYGZob 
                   {}
l.2 ...{+w}{ }\PYG{n}{actaeon}::\PYG{p}{\PYGZob{}}
                                                  
? 
! Undefined control sequence.
\PYG #1#2->\FV@PYG 
                   {#1}{\FancyVerbBreakStart #2\FancyVerbBreakStop }
l.3 ...}\PYG{n}{config}::\PYG{n}{Config}\PYG{p}{,}
                                                  
? 
! Undefined control sequence.
\PYG #1#2->\FV@PYG 
                   {#1}{\FancyVerbBreakStart #2\FancyVerbBreakStop }
l.3 ...}\PYG{n}{config}::\PYG{n}{Config}\PYG{p}{,}
                                                  
? 
! Undefined control sequence.
\PYG #1#2->\FV@PYG 
                   {#1}{\FancyVerbBreakStart #2\FancyVerbBreakStop }
l.3 ...}\PYG{n}{config}::\PYG{n}{Config}\PYG{p}{,}
                                                  
? 
! Undefined control sequence.
\PYG #1#2->\FV@PYG 
                   {#1}{\FancyVerbBreakStart #2\FancyVerbBreakStop }
l.3 ...}\PYG{n}{config}::\PYG{n}{Config}\PYG{p}{,}
                                                  
? 
! Undefined control sequence.
\PYG #1#2->\FV@PYG 
                   {#1}{\FancyVerbBreakStart #2\FancyVerbBreakStop }
l.4 ...+w}{ }\PYG{n}{ToAddress}\PYG{p}{\PYGZcb{},}
                                                  
? 
! Undefined control sequence.
\PYG #1#2->\FV@PYG 
                   {#1}{\FancyVerbBreakStart #2\FancyVerbBreakStop }
l.4 ...+w}{ }\PYG{n}{ToAddress}\PYG{p}{\PYGZcb{},}
                                                  
? 
! Undefined control sequence.
\PYG #1#2->\FV@PYG 
                   {#1}{\FancyVerbBreakStart #2\FancyVerbBreakStop }
l.4 ...+w}{ }\PYG{n}{ToAddress}\PYG{p}{\PYGZcb{},}
                                                  
? 
! Undefined control sequence.
<argument> \PYGZob 
                   {}
l.4 ...+w}{ }\PYG{n}{ToAddress}\PYG{p}{\PYGZcb{},}
                                                  
? 
! Undefined control sequence.
\PYG #1#2->\FV@PYG 
                   {#1}{\FancyVerbBreakStart #2\FancyVerbBreakStop }
l.4 ...+w}{ }\PYG{n}{ToAddress}\PYG{p}{\PYGZcb{},}
                                                  
? 
! Undefined control sequence.
\PYG #1#2->\FV@PYG 
                   {#1}{\FancyVerbBreakStart #2\FancyVerbBreakStop }
l.4 ...+w}{ }\PYG{n}{ToAddress}\PYG{p}{\PYGZcb{},}
                                                  
? 
! Undefined control sequence.
\PYG #1#2->\FV@PYG 
                   {#1}{\FancyVerbBreakStart #2\FancyVerbBreakStop }
l.4 ...+w}{ }\PYG{n}{ToAddress}\PYG{p}{\PYGZcb{},}
                                                  
? 
! Undefined control sequence.
\PYG #1#2->\FV@PYG 
                   {#1}{\FancyVerbBreakStart #2\FancyVerbBreakStop }
l.4 ...+w}{ }\PYG{n}{ToAddress}\PYG{p}{\PYGZcb{},}
                                                  
? 
! Undefined control sequence.
\PYG #1#2->\FV@PYG 
                   {#1}{\FancyVerbBreakStart #2\FancyVerbBreakStop }
l.4 ...+w}{ }\PYG{n}{ToAddress}\PYG{p}{\PYGZcb{},}
                                                  
? 
! Undefined control sequence.
<argument> \PYGZcb 
                   {},
l.4 ...+w}{ }\PYG{n}{ToAddress}\PYG{p}{\PYGZcb{},}
                                                  
? 
! Undefined control sequence.
\PYG #1#2->\FV@PYG 
                   {#1}{\FancyVerbBreakStart #2\FancyVerbBreakStop }
l.5 \PYG{+w}{    }\PYG{n}{Interface}\PYG{p}{,}
                                              
? 
! Undefined control sequence.
\PYG #1#2->\FV@PYG 
                   {#1}{\FancyVerbBreakStart #2\FancyVerbBreakStop }
l.5 \PYG{+w}{    }\PYG{n}{Interface}\PYG{p}{,}
                                              
? 
! Undefined control sequence.
\PYG #1#2->\FV@PYG 
                   {#1}{\FancyVerbBreakStart #2\FancyVerbBreakStop }
l.5 \PYG{+w}{    }\PYG{n}{Interface}\PYG{p}{,}
                                              
? 
! Undefined control sequence.
\PYG #1#2->\FV@PYG 
                   {#1}{\FancyVerbBreakStart #2\FancyVerbBreakStop }
l.6 \PYG{p}{\PYGZcb{};}
                       
? 
! Undefined control sequence.
<argument> \PYGZcb 
                   {};
l.6 \PYG{p}{\PYGZcb{};}
                       
? 
! Undefined control sequence.
\PYG #1#2->\FV@PYG 
                   {#1}{\FancyVerbBreakStart #2\FancyVerbBreakStop }
l.7 ...n}{crypto}::\PYG{n}{box\PYGZus{}}\PYG{p}{;}
                                                  
? 
! Undefined control sequence.
\PYG #1#2->\FV@PYG 
                   {#1}{\FancyVerbBreakStart #2\FancyVerbBreakStop }
l.7 ...n}{crypto}::\PYG{n}{box\PYGZus{}}\PYG{p}{;}
                                                  
? 
! Undefined control sequence.
\PYG #1#2->\FV@PYG 
                   {#1}{\FancyVerbBreakStart #2\FancyVerbBreakStop }
l.7 ...n}{crypto}::\PYG{n}{box\PYGZus{}}\PYG{p}{;}
                                                  
? 
! Undefined control sequence.
\PYG #1#2->\FV@PYG 
                   {#1}{\FancyVerbBreakStart #2\FancyVerbBreakStop }
l.7 ...n}{crypto}::\PYG{n}{box\PYGZus{}}\PYG{p}{;}
                                                  
? 
! Undefined control sequence.
\PYG #1#2->\FV@PYG 
                   {#1}{\FancyVerbBreakStart #2\FancyVerbBreakStop }
l.7 ...n}{crypto}::\PYG{n}{box\PYGZus{}}\PYG{p}{;}
                                                  
? 
! Undefined control sequence.
<argument> box\PYGZus 
                      {}
l.7 ...n}{crypto}::\PYG{n}{box\PYGZus{}}\PYG{p}{;}
                                                  
? 
! Undefined control sequence.
\PYG #1#2->\FV@PYG 
                   {#1}{\FancyVerbBreakStart #2\FancyVerbBreakStop }
l.7 ...n}{crypto}::\PYG{n}{box\PYGZus{}}\PYG{p}{;}
                                                  
? 
! Undefined control sequence.
\PYG #1#2->\FV@PYG 
                   {#1}{\FancyVerbBreakStart #2\FancyVerbBreakStop }
l.9 ...in}\PYG{p}{()}\PYG{+w}{ }\PYG{p}{\PYGZob{}}
                                                  
? 
! Undefined control sequence.
\PYG #1#2->\FV@PYG 
                   {#1}{\FancyVerbBreakStart #2\FancyVerbBreakStop }
l.9 ...in}\PYG{p}{()}\PYG{+w}{ }\PYG{p}{\PYGZob{}}
                                                  
? 
! Undefined control sequence.
\PYG #1#2->\FV@PYG 
                   {#1}{\FancyVerbBreakStart #2\FancyVerbBreakStop }
l.9 ...in}\PYG{p}{()}\PYG{+w}{ }\PYG{p}{\PYGZob{}}
                                                  
? 
! Undefined control sequence.
\PYG #1#2->\FV@PYG 
                   {#1}{\FancyVerbBreakStart #2\FancyVerbBreakStop }
l.9 ...in}\PYG{p}{()}\PYG{+w}{ }\PYG{p}{\PYGZob{}}
                                                  
? 
! Undefined control sequence.
\PYG #1#2->\FV@PYG 
                   {#1}{\FancyVerbBreakStart #2\FancyVerbBreakStop }
l.9 ...in}\PYG{p}{()}\PYG{+w}{ }\PYG{p}{\PYGZob{}}
                                                  
? 
! Undefined control sequence.
<argument> \PYGZob 
                   {}
l.9 ...in}\PYG{p}{()}\PYG{+w}{ }\PYG{p}{\PYGZob{}}
                                                  
? 
! Undefined control sequence.
\PYG #1#2->\FV@PYG 
                   {#1}{\FancyVerbBreakStart #2\FancyVerbBreakStop }
l.10 ...,}\PYG{+w}{ }\PYG{l+m+mi}{4242}\PYG{p}{);}
                                                  
? 
! Undefined control sequence.
\PYG #1#2->\FV@PYG 
                   {#1}{\FancyVerbBreakStart #2\FancyVerbBreakStop }
l.10 ...,}\PYG{+w}{ }\PYG{l+m+mi}{4242}\PYG{p}{);}
                                                  
? 
! Undefined control sequence.
\PYG #1#2->\FV@PYG 
                   {#1}{\FancyVerbBreakStart #2\FancyVerbBreakStop }
l.10 ...,}\PYG{+w}{ }\PYG{l+m+mi}{4242}\PYG{p}{);}
                                                  
? 
! Undefined control sequence.
\PYG #1#2->\FV@PYG 
                   {#1}{\FancyVerbBreakStart #2\FancyVerbBreakStop }
l.10 ...,}\PYG{+w}{ }\PYG{l+m+mi}{4242}\PYG{p}{);}
                                                  
? 
! Undefined control sequence.
\PYG #1#2->\FV@PYG 
                   {#1}{\FancyVerbBreakStart #2\FancyVerbBreakStop }
l.10 ...,}\PYG{+w}{ }\PYG{l+m+mi}{4242}\PYG{p}{);}
                                                  
? 
! Undefined control sequence.
\PYG #1#2->\FV@PYG 
                   {#1}{\FancyVerbBreakStart #2\FancyVerbBreakStop }
l.10 ...,}\PYG{+w}{ }\PYG{l+m+mi}{4242}\PYG{p}{);}
                                                  
? 
! Undefined control sequence.
\PYG #1#2->\FV@PYG 
                   {#1}{\FancyVerbBreakStart #2\FancyVerbBreakStop }
l.10 ...,}\PYG{+w}{ }\PYG{l+m+mi}{4242}\PYG{p}{);}
                                                  
? 
! Undefined control sequence.
\PYG #1#2->\FV@PYG 
                   {#1}{\FancyVerbBreakStart #2\FancyVerbBreakStop }
l.10 ...,}\PYG{+w}{ }\PYG{l+m+mi}{4242}\PYG{p}{);}
                                                  
? 
! Undefined control sequence.
\PYG #1#2->\FV@PYG 
                   {#1}{\FancyVerbBreakStart #2\FancyVerbBreakStop }
l.10 ...,}\PYG{+w}{ }\PYG{l+m+mi}{4242}\PYG{p}{);}
                                                  
? 
! Undefined control sequence.
\PYG #1#2->\FV@PYG 
                   {#1}{\FancyVerbBreakStart #2\FancyVerbBreakStop }
l.10 ...,}\PYG{+w}{ }\PYG{l+m+mi}{4242}\PYG{p}{);}
                                                  
? 
! Undefined control sequence.
\PYG #1#2->\FV@PYG 
                   {#1}{\FancyVerbBreakStart #2\FancyVerbBreakStop }
l.10 ...,}\PYG{+w}{ }\PYG{l+m+mi}{4242}\PYG{p}{);}
                                                  
? 
! Undefined control sequence.
\PYG #1#2->\FV@PYG 
                   {#1}{\FancyVerbBreakStart #2\FancyVerbBreakStop }
l.10 ...,}\PYG{+w}{ }\PYG{l+m+mi}{4242}\PYG{p}{);}
                                                  
? 
! Undefined control sequence.
\PYG #1#2->\FV@PYG 
                   {#1}{\FancyVerbBreakStart #2\FancyVerbBreakStop }
l.10 ...,}\PYG{+w}{ }\PYG{l+m+mi}{4242}\PYG{p}{);}
                                                  
? 
! Undefined control sequence.
\PYG #1#2->\FV@PYG 
                   {#1}{\FancyVerbBreakStart #2\FancyVerbBreakStop }
l.10 ...,}\PYG{+w}{ }\PYG{l+m+mi}{4242}\PYG{p}{);}
                                                  
? 
! Undefined control sequence.
\PYG #1#2->\FV@PYG 
                   {#1}{\FancyVerbBreakStart #2\FancyVerbBreakStop }
l.10 ...,}\PYG{+w}{ }\PYG{l+m+mi}{4242}\PYG{p}{);}
                                                  
? 
! Undefined control sequence.
\PYG #1#2->\FV@PYG 
                   {#1}{\FancyVerbBreakStart #2\FancyVerbBreakStop }
l.10 ...,}\PYG{+w}{ }\PYG{l+m+mi}{4242}\PYG{p}{);}
                                                  
? 
! Undefined control sequence.
\PYG #1#2->\FV@PYG 
                   {#1}{\FancyVerbBreakStart #2\FancyVerbBreakStop }
l.10 ...,}\PYG{+w}{ }\PYG{l+m+mi}{4242}\PYG{p}{);}
                                                  
? 
! Undefined control sequence.
\PYG #1#2->\FV@PYG 
                   {#1}{\FancyVerbBreakStart #2\FancyVerbBreakStop }
l.10 ...,}\PYG{+w}{ }\PYG{l+m+mi}{4242}\PYG{p}{);}
                                                  
? 
! Undefined control sequence.
\PYG #1#2->\FV@PYG 
                   {#1}{\FancyVerbBreakStart #2\FancyVerbBreakStop }
l.10 ...,}\PYG{+w}{ }\PYG{l+m+mi}{4242}\PYG{p}{);}
                                                  
? 
! Undefined control sequence.
\PYG #1#2->\FV@PYG 
                   {#1}{\FancyVerbBreakStart #2\FancyVerbBreakStop }
l.10 ...,}\PYG{+w}{ }\PYG{l+m+mi}{4242}\PYG{p}{);}
                                                  
? 
! Undefined control sequence.
<argument> \PYGZdq 
                   {}example.com\PYGZdq {}
l.10 ...,}\PYG{+w}{ }\PYG{l+m+mi}{4242}\PYG{p}{);}
                                                  
? 
! Undefined control sequence.
<argument> \PYGZdq {}example.com\PYGZdq 
                                        {}
l.10 ...,}\PYG{+w}{ }\PYG{l+m+mi}{4242}\PYG{p}{);}
                                                  
? 
! Undefined control sequence.
\PYG #1#2->\FV@PYG 
                   {#1}{\FancyVerbBreakStart #2\FancyVerbBreakStop }
l.10 ...,}\PYG{+w}{ }\PYG{l+m+mi}{4242}\PYG{p}{);}
                                                  
? 
! Undefined control sequence.
\PYG #1#2->\FV@PYG 
                   {#1}{\FancyVerbBreakStart #2\FancyVerbBreakStop }
l.10 ...,}\PYG{+w}{ }\PYG{l+m+mi}{4242}\PYG{p}{);}
                                                  
? 
! Undefined control sequence.
<argument> to\PYGZus 
                     {}string
l.10 ...,}\PYG{+w}{ }\PYG{l+m+mi}{4242}\PYG{p}{);}
                                                  
? 
! Undefined control sequence.
\PYG #1#2->\FV@PYG 
                   {#1}{\FancyVerbBreakStart #2\FancyVerbBreakStop }
l.10 ...,}\PYG{+w}{ }\PYG{l+m+mi}{4242}\PYG{p}{);}
                                                  
? 
! Undefined control sequence.
\PYG #1#2->\FV@PYG 
                   {#1}{\FancyVerbBreakStart #2\FancyVerbBreakStop }
l.10 ...,}\PYG{+w}{ }\PYG{l+m+mi}{4242}\PYG{p}{);}
                                                  
? 
! Undefined control sequence.
\PYG #1#2->\FV@PYG 
                   {#1}{\FancyVerbBreakStart #2\FancyVerbBreakStop }
l.10 ...,}\PYG{+w}{ }\PYG{l+m+mi}{4242}\PYG{p}{);}
                                                  
? 
! Undefined control sequence.
\PYG #1#2->\FV@PYG 
                   {#1}{\FancyVerbBreakStart #2\FancyVerbBreakStop }
l.10 ...,}\PYG{+w}{ }\PYG{l+m+mi}{4242}\PYG{p}{);}
                                                  
? 
! Undefined control sequence.
\PYG #1#2->\FV@PYG 
                   {#1}{\FancyVerbBreakStart #2\FancyVerbBreakStop }
l.11 ...::\PYG{n}{gen\PYGZus{}keypair}\PYG{p}{();}
                                                  
? 
! Undefined control sequence.
\PYG #1#2->\FV@PYG 
                   {#1}{\FancyVerbBreakStart #2\FancyVerbBreakStop }
l.11 ...::\PYG{n}{gen\PYGZus{}keypair}\PYG{p}{();}
                                                  
? 
! Undefined control sequence.
\PYG #1#2->\FV@PYG 
                   {#1}{\FancyVerbBreakStart #2\FancyVerbBreakStop }
l.11 ...::\PYG{n}{gen\PYGZus{}keypair}\PYG{p}{();}
                                                  
? 
! Undefined control sequence.
\PYG #1#2->\FV@PYG 
                   {#1}{\FancyVerbBreakStart #2\FancyVerbBreakStop }
l.11 ...::\PYG{n}{gen\PYGZus{}keypair}\PYG{p}{();}
                                                  
? 
! Undefined control sequence.
\PYG #1#2->\FV@PYG 
                   {#1}{\FancyVerbBreakStart #2\FancyVerbBreakStop }
l.11 ...::\PYG{n}{gen\PYGZus{}keypair}\PYG{p}{();}
                                                  
? 
! Undefined control sequence.
<argument> \PYGZus 
                   {}
l.11 ...::\PYG{n}{gen\PYGZus{}keypair}\PYG{p}{();}
                                                  
? 
! Undefined control sequence.
\PYG #1#2->\FV@PYG 
                   {#1}{\FancyVerbBreakStart #2\FancyVerbBreakStop }
l.11 ...::\PYG{n}{gen\PYGZus{}keypair}\PYG{p}{();}
                                                  
? 
! Undefined control sequence.
\PYG #1#2->\FV@PYG 
                   {#1}{\FancyVerbBreakStart #2\FancyVerbBreakStop }
l.11 ...::\PYG{n}{gen\PYGZus{}keypair}\PYG{p}{();}
                                                  
? 
! Undefined control sequence.
\PYG #1#2->\FV@PYG 
                   {#1}{\FancyVerbBreakStart #2\FancyVerbBreakStop }
l.11 ...::\PYG{n}{gen\PYGZus{}keypair}\PYG{p}{();}
                                                  
? 
! Undefined control sequence.
\PYG #1#2->\FV@PYG 
                   {#1}{\FancyVerbBreakStart #2\FancyVerbBreakStop }
l.11 ...::\PYG{n}{gen\PYGZus{}keypair}\PYG{p}{();}
                                                  
? 
! Undefined control sequence.
\PYG #1#2->\FV@PYG 
                   {#1}{\FancyVerbBreakStart #2\FancyVerbBreakStop }
l.11 ...::\PYG{n}{gen\PYGZus{}keypair}\PYG{p}{();}
                                                  
? 
! Undefined control sequence.
\PYG #1#2->\FV@PYG 
                   {#1}{\FancyVerbBreakStart #2\FancyVerbBreakStop }
l.11 ...::\PYG{n}{gen\PYGZus{}keypair}\PYG{p}{();}
                                                  
? 
! Undefined control sequence.
\PYG #1#2->\FV@PYG 
                   {#1}{\FancyVerbBreakStart #2\FancyVerbBreakStop }
l.11 ...::\PYG{n}{gen\PYGZus{}keypair}\PYG{p}{();}
                                                  
? 
! Undefined control sequence.
\PYG #1#2->\FV@PYG 
                   {#1}{\FancyVerbBreakStart #2\FancyVerbBreakStop }
l.11 ...::\PYG{n}{gen\PYGZus{}keypair}\PYG{p}{();}
                                                  
? 
! Undefined control sequence.
<argument> box\PYGZus 
                      {}
l.11 ...::\PYG{n}{gen\PYGZus{}keypair}\PYG{p}{();}
                                                  
? 
! Undefined control sequence.
\PYG #1#2->\FV@PYG 
                   {#1}{\FancyVerbBreakStart #2\FancyVerbBreakStop }
l.11 ...::\PYG{n}{gen\PYGZus{}keypair}\PYG{p}{();}
                                                  
? 
! Undefined control sequence.
<argument> gen\PYGZus 
                      {}keypair
l.11 ...::\PYG{n}{gen\PYGZus{}keypair}\PYG{p}{();}
                                                  
? 
! Undefined control sequence.
\PYG #1#2->\FV@PYG 
                   {#1}{\FancyVerbBreakStart #2\FancyVerbBreakStop }
l.11 ...::\PYG{n}{gen\PYGZus{}keypair}\PYG{p}{();}
                                                  
? 
! Undefined control sequence.
\PYG #1#2->\FV@PYG 
                   {#1}{\FancyVerbBreakStart #2\FancyVerbBreakStop }
l.12 ...,}\PYG{+w}{ }\PYG{l+m+mi}{1234}\PYG{p}{);}
                                                  
? 
! Undefined control sequence.
\PYG #1#2->\FV@PYG 
                   {#1}{\FancyVerbBreakStart #2\FancyVerbBreakStop }
l.12 ...,}\PYG{+w}{ }\PYG{l+m+mi}{1234}\PYG{p}{);}
                                                  
? 
! Undefined control sequence.
\PYG #1#2->\FV@PYG 
                   {#1}{\FancyVerbBreakStart #2\FancyVerbBreakStop }
l.12 ...,}\PYG{+w}{ }\PYG{l+m+mi}{1234}\PYG{p}{);}
                                                  
? 
! Undefined control sequence.
\PYG #1#2->\FV@PYG 
                   {#1}{\FancyVerbBreakStart #2\FancyVerbBreakStop }
l.12 ...,}\PYG{+w}{ }\PYG{l+m+mi}{1234}\PYG{p}{);}
                                                  
? 
! Undefined control sequence.
\PYG #1#2->\FV@PYG 
                   {#1}{\FancyVerbBreakStart #2\FancyVerbBreakStop }
l.12 ...,}\PYG{+w}{ }\PYG{l+m+mi}{1234}\PYG{p}{);}
                                                  
? 
! Undefined control sequence.
\PYG #1#2->\FV@PYG 
                   {#1}{\FancyVerbBreakStart #2\FancyVerbBreakStop }
l.12 ...,}\PYG{+w}{ }\PYG{l+m+mi}{1234}\PYG{p}{);}
                                                  
? 
! Undefined control sequence.
\PYG #1#2->\FV@PYG 
                   {#1}{\FancyVerbBreakStart #2\FancyVerbBreakStop }
l.12 ...,}\PYG{+w}{ }\PYG{l+m+mi}{1234}\PYG{p}{);}
                                                  
? 
! Undefined control sequence.
\PYG #1#2->\FV@PYG 
                   {#1}{\FancyVerbBreakStart #2\FancyVerbBreakStop }
l.12 ...,}\PYG{+w}{ }\PYG{l+m+mi}{1234}\PYG{p}{);}
                                                  
? 
! Undefined control sequence.
\PYG #1#2->\FV@PYG 
                   {#1}{\FancyVerbBreakStart #2\FancyVerbBreakStop }
l.12 ...,}\PYG{+w}{ }\PYG{l+m+mi}{1234}\PYG{p}{);}
                                                  
? 
! Undefined control sequence.
\PYG #1#2->\FV@PYG 
                   {#1}{\FancyVerbBreakStart #2\FancyVerbBreakStop }
l.12 ...,}\PYG{+w}{ }\PYG{l+m+mi}{1234}\PYG{p}{);}
                                                  
? 
! Undefined control sequence.
\PYG #1#2->\FV@PYG 
                   {#1}{\FancyVerbBreakStart #2\FancyVerbBreakStop }
l.12 ...,}\PYG{+w}{ }\PYG{l+m+mi}{1234}\PYG{p}{);}
                                                  
? 
! Undefined control sequence.
\PYG #1#2->\FV@PYG 
                   {#1}{\FancyVerbBreakStart #2\FancyVerbBreakStop }
l.12 ...,}\PYG{+w}{ }\PYG{l+m+mi}{1234}\PYG{p}{);}
                                                  
? 
! Undefined control sequence.
\PYG #1#2->\FV@PYG 
                   {#1}{\FancyVerbBreakStart #2\FancyVerbBreakStop }
l.12 ...,}\PYG{+w}{ }\PYG{l+m+mi}{1234}\PYG{p}{);}
                                                  
? 
! Undefined control sequence.
\PYG #1#2->\FV@PYG 
                   {#1}{\FancyVerbBreakStart #2\FancyVerbBreakStop }
l.12 ...,}\PYG{+w}{ }\PYG{l+m+mi}{1234}\PYG{p}{);}
                                                  
? 
! Undefined control sequence.
\PYG #1#2->\FV@PYG 
                   {#1}{\FancyVerbBreakStart #2\FancyVerbBreakStop }
l.12 ...,}\PYG{+w}{ }\PYG{l+m+mi}{1234}\PYG{p}{);}
                                                  
? 
! Undefined control sequence.
\PYG #1#2->\FV@PYG 
                   {#1}{\FancyVerbBreakStart #2\FancyVerbBreakStop }
l.12 ...,}\PYG{+w}{ }\PYG{l+m+mi}{1234}\PYG{p}{);}
                                                  
? 
! Undefined control sequence.
\PYG #1#2->\FV@PYG 
                   {#1}{\FancyVerbBreakStart #2\FancyVerbBreakStop }
l.12 ...,}\PYG{+w}{ }\PYG{l+m+mi}{1234}\PYG{p}{);}
                                                  
? 
! Undefined control sequence.
<argument> \PYGZdq 
                   {}127.0.0.1\PYGZdq {}
l.12 ...,}\PYG{+w}{ }\PYG{l+m+mi}{1234}\PYG{p}{);}
                                                  
? 
! Undefined control sequence.
<argument> \PYGZdq {}127.0.0.1\PYGZdq 
                                      {}
l.12 ...,}\PYG{+w}{ }\PYG{l+m+mi}{1234}\PYG{p}{);}
                                                  
? 
! Undefined control sequence.
\PYG #1#2->\FV@PYG 
                   {#1}{\FancyVerbBreakStart #2\FancyVerbBreakStop }
l.12 ...,}\PYG{+w}{ }\PYG{l+m+mi}{1234}\PYG{p}{);}
                                                  
? 
! Undefined control sequence.
\PYG #1#2->\FV@PYG 
                   {#1}{\FancyVerbBreakStart #2\FancyVerbBreakStop }
l.12 ...,}\PYG{+w}{ }\PYG{l+m+mi}{1234}\PYG{p}{);}
                                                  
? 
! Undefined control sequence.
\PYG #1#2->\FV@PYG 
                   {#1}{\FancyVerbBreakStart #2\FancyVerbBreakStop }
l.12 ...,}\PYG{+w}{ }\PYG{l+m+mi}{1234}\PYG{p}{);}
                                                  
? 
! Undefined control sequence.
\PYG #1#2->\FV@PYG 
                   {#1}{\FancyVerbBreakStart #2\FancyVerbBreakStop }
l.12 ...,}\PYG{+w}{ }\PYG{l+m+mi}{1234}\PYG{p}{);}
                                                  
? 
! Undefined control sequence.
\PYG #1#2->\FV@PYG 
                   {#1}{\FancyVerbBreakStart #2\FancyVerbBreakStop }
l.14 ...ter}\PYG{p}{).}\PYG{n}{unwrap}\PYG{p}{();}
                                                  
? 
! Undefined control sequence.
\PYG #1#2->\FV@PYG 
                   {#1}{\FancyVerbBreakStart #2\FancyVerbBreakStop }
l.14 ...ter}\PYG{p}{).}\PYG{n}{unwrap}\PYG{p}{();}
                                                  
? 
! Undefined control sequence.
\PYG #1#2->\FV@PYG 
                   {#1}{\FancyVerbBreakStart #2\FancyVerbBreakStop }
l.14 ...ter}\PYG{p}{).}\PYG{n}{unwrap}\PYG{p}{();}
                                                  
? 
! Undefined control sequence.
\PYG #1#2->\FV@PYG 
                   {#1}{\FancyVerbBreakStart #2\FancyVerbBreakStop }
l.14 ...ter}\PYG{p}{).}\PYG{n}{unwrap}\PYG{p}{();}
                                                  
? 
! Undefined control sequence.
\PYG #1#2->\FV@PYG 
                   {#1}{\FancyVerbBreakStart #2\FancyVerbBreakStop }
l.14 ...ter}\PYG{p}{).}\PYG{n}{unwrap}\PYG{p}{();}
                                                  
? 
! Undefined control sequence.
\PYG #1#2->\FV@PYG 
                   {#1}{\FancyVerbBreakStart #2\FancyVerbBreakStop }
l.14 ...ter}\PYG{p}{).}\PYG{n}{unwrap}\PYG{p}{();}
                                                  
? 
! Undefined control sequence.
\PYG #1#2->\FV@PYG 
                   {#1}{\FancyVerbBreakStart #2\FancyVerbBreakStop }
l.14 ...ter}\PYG{p}{).}\PYG{n}{unwrap}\PYG{p}{();}
                                                  
? 
! Undefined control sequence.
\PYG #1#2->\FV@PYG 
                   {#1}{\FancyVerbBreakStart #2\FancyVerbBreakStop }
l.14 ...ter}\PYG{p}{).}\PYG{n}{unwrap}\PYG{p}{();}
                                                  
? 
! Undefined control sequence.
\PYG #1#2->\FV@PYG 
                   {#1}{\FancyVerbBreakStart #2\FancyVerbBreakStop }
l.14 ...ter}\PYG{p}{).}\PYG{n}{unwrap}\PYG{p}{();}
                                                  
? 
! Undefined control sequence.
\PYG #1#2->\FV@PYG 
                   {#1}{\FancyVerbBreakStart #2\FancyVerbBreakStop }
l.14 ...ter}\PYG{p}{).}\PYG{n}{unwrap}\PYG{p}{();}
                                                  
? 
! Undefined control sequence.
\PYG #1#2->\FV@PYG 
                   {#1}{\FancyVerbBreakStart #2\FancyVerbBreakStop }
l.14 ...ter}\PYG{p}{).}\PYG{n}{unwrap}\PYG{p}{();}
                                                  
? 
! Undefined control sequence.
\PYG #1#2->\FV@PYG 
                   {#1}{\FancyVerbBreakStart #2\FancyVerbBreakStop }
l.14 ...ter}\PYG{p}{).}\PYG{n}{unwrap}\PYG{p}{();}
                                                  
? 
! Undefined control sequence.
\PYG #1#2->\FV@PYG 
                   {#1}{\FancyVerbBreakStart #2\FancyVerbBreakStop }
l.14 ...ter}\PYG{p}{).}\PYG{n}{unwrap}\PYG{p}{();}
                                                  
? 
! Undefined control sequence.
\PYG #1#2->\FV@PYG 
                   {#1}{\FancyVerbBreakStart #2\FancyVerbBreakStop }
l.14 ...ter}\PYG{p}{).}\PYG{n}{unwrap}\PYG{p}{();}
                                                  
? 
! Undefined control sequence.
\PYG #1#2->\FV@PYG 
                   {#1}{\FancyVerbBreakStart #2\FancyVerbBreakStop }
l.14 ...ter}\PYG{p}{).}\PYG{n}{unwrap}\PYG{p}{();}
                                                  
? 
! Undefined control sequence.
\PYG #1#2->\FV@PYG 
                   {#1}{\FancyVerbBreakStart #2\FancyVerbBreakStop }
l.14 ...ter}\PYG{p}{).}\PYG{n}{unwrap}\PYG{p}{();}
                                                  
? 
! Undefined control sequence.
\PYG #1#2->\FV@PYG 
                   {#1}{\FancyVerbBreakStart #2\FancyVerbBreakStop }
l.14 ...ter}\PYG{p}{).}\PYG{n}{unwrap}\PYG{p}{();}
                                                  
? 
! Undefined control sequence.
\PYG #1#2->\FV@PYG 
                   {#1}{\FancyVerbBreakStart #2\FancyVerbBreakStop }
l.16 ...s}\PYG{p}{().}\PYG{n}{unwrap}\PYG{p}{());}
                                                  
? 
! Undefined control sequence.
\PYG #1#2->\FV@PYG 
                   {#1}{\FancyVerbBreakStart #2\FancyVerbBreakStop }
l.16 ...s}\PYG{p}{().}\PYG{n}{unwrap}\PYG{p}{());}
                                                  
? 
! Undefined control sequence.
\PYG #1#2->\FV@PYG 
                   {#1}{\FancyVerbBreakStart #2\FancyVerbBreakStop }
l.16 ...s}\PYG{p}{().}\PYG{n}{unwrap}\PYG{p}{());}
                                                  
? 
! Undefined control sequence.
\PYG #1#2->\FV@PYG 
                   {#1}{\FancyVerbBreakStart #2\FancyVerbBreakStop }
l.16 ...s}\PYG{p}{().}\PYG{n}{unwrap}\PYG{p}{());}
                                                  
? 
! Undefined control sequence.
\PYG #1#2->\FV@PYG 
                   {#1}{\FancyVerbBreakStart #2\FancyVerbBreakStop }
l.16 ...s}\PYG{p}{().}\PYG{n}{unwrap}\PYG{p}{());}
                                                  
? 
! Undefined control sequence.
\PYG #1#2->\FV@PYG 
                   {#1}{\FancyVerbBreakStart #2\FancyVerbBreakStop }
l.16 ...s}\PYG{p}{().}\PYG{n}{unwrap}\PYG{p}{());}
                                                  
? 
! Undefined control sequence.
\PYG #1#2->\FV@PYG 
                   {#1}{\FancyVerbBreakStart #2\FancyVerbBreakStop }
l.16 ...s}\PYG{p}{().}\PYG{n}{unwrap}\PYG{p}{());}
                                                  
? 
! Undefined control sequence.
\PYG #1#2->\FV@PYG 
                   {#1}{\FancyVerbBreakStart #2\FancyVerbBreakStop }
l.16 ...s}\PYG{p}{().}\PYG{n}{unwrap}\PYG{p}{());}
                                                  
? 
! Undefined control sequence.
\PYG #1#2->\FV@PYG 
                   {#1}{\FancyVerbBreakStart #2\FancyVerbBreakStop }
l.16 ...s}\PYG{p}{().}\PYG{n}{unwrap}\PYG{p}{());}
                                                  
? 
! Undefined control sequence.
\PYG #1#2->\FV@PYG 
                   {#1}{\FancyVerbBreakStart #2\FancyVerbBreakStop }
l.16 ...s}\PYG{p}{().}\PYG{n}{unwrap}\PYG{p}{());}
                                                  
? 
! Undefined control sequence.
\PYG #1#2->\FV@PYG 
                   {#1}{\FancyVerbBreakStart #2\FancyVerbBreakStop }
l.16 ...s}\PYG{p}{().}\PYG{n}{unwrap}\PYG{p}{());}
                                                  
? 
! Undefined control sequence.
\PYG #1#2->\FV@PYG 
                   {#1}{\FancyVerbBreakStart #2\FancyVerbBreakStop }
l.16 ...s}\PYG{p}{().}\PYG{n}{unwrap}\PYG{p}{());}
                                                  
? 
! Undefined control sequence.
\PYG #1#2->\FV@PYG 
                   {#1}{\FancyVerbBreakStart #2\FancyVerbBreakStop }
l.16 ...s}\PYG{p}{().}\PYG{n}{unwrap}\PYG{p}{());}
                                                  
? 
! Undefined control sequence.
\PYG #1#2->\FV@PYG 
                   {#1}{\FancyVerbBreakStart #2\FancyVerbBreakStop }
l.16 ...s}\PYG{p}{().}\PYG{n}{unwrap}\PYG{p}{());}
                                                  
? 
! Undefined control sequence.
<argument> \PYGZam 
                   {}
l.16 ...s}\PYG{p}{().}\PYG{n}{unwrap}\PYG{p}{());}
                                                  
? 
! Undefined control sequence.
\PYG #1#2->\FV@PYG 
                   {#1}{\FancyVerbBreakStart #2\FancyVerbBreakStop }
l.16 ...s}\PYG{p}{().}\PYG{n}{unwrap}\PYG{p}{());}
                                                  
? 
! Undefined control sequence.
<argument> \PYGZdq 
                   {}example\PYGZdq {}
l.16 ...s}\PYG{p}{().}\PYG{n}{unwrap}\PYG{p}{());}
                                                  
? 
! Undefined control sequence.
<argument> \PYGZdq {}example\PYGZdq 
                                    {}
l.16 ...s}\PYG{p}{().}\PYG{n}{unwrap}\PYG{p}{());}
                                                  
? 
! Undefined control sequence.
\PYG #1#2->\FV@PYG 
                   {#1}{\FancyVerbBreakStart #2\FancyVerbBreakStop }
l.16 ...s}\PYG{p}{().}\PYG{n}{unwrap}\PYG{p}{());}
                                                  
? 
! Undefined control sequence.
\PYG #1#2->\FV@PYG 
                   {#1}{\FancyVerbBreakStart #2\FancyVerbBreakStop }
l.16 ...s}\PYG{p}{().}\PYG{n}{unwrap}\PYG{p}{());}
                                                  
? 
! Undefined control sequence.
<argument> to\PYGZus 
                     {}string
l.16 ...s}\PYG{p}{().}\PYG{n}{unwrap}\PYG{p}{());}
                                                  
? 
! Undefined control sequence.
\PYG #1#2->\FV@PYG 
                   {#1}{\FancyVerbBreakStart #2\FancyVerbBreakStop }
l.16 ...s}\PYG{p}{().}\PYG{n}{unwrap}\PYG{p}{());}
                                                  
? 
! Undefined control sequence.
\PYG #1#2->\FV@PYG 
                   {#1}{\FancyVerbBreakStart #2\FancyVerbBreakStop }
l.16 ...s}\PYG{p}{().}\PYG{n}{unwrap}\PYG{p}{());}
                                                  
? 
! Undefined control sequence.
<argument> to\PYGZus 
                     {}address
l.16 ...s}\PYG{p}{().}\PYG{n}{unwrap}\PYG{p}{());}
                                                  
? 
! Undefined control sequence.
\PYG #1#2-